Arguments: 
  C:\Program Files\nodejs\node.exe D:\Program Files (x86)\Yarn\bin\yarn.js install

PATH: 
  C:\Program Files (x86)\NetSarang\Xshell 6\;C:\WINDOWS\system32;C:\WINDOWS;C:\WINDOWS\System32\Wbem;C:\WINDOWS\System32\WindowsPowerShell\v1.0\;C:\WINDOWS\System32\OpenSSH\;C:\Program Files\TortoiseSVN\bin;C:\Program Files\nodejs\;D:\Program Files\Git\cmd;D:\Python27;D:\Program Files (x86)\Yarn\bin\;C:\Users\Administrator\AppData\Local\Microsoft\WindowsApps;C:\Users\Administrator\AppData\Local\Programs\Fiddler;D:\Microsoft VS Code\bin;C:\Users\Administrator\AppData\Roaming\npm;C:\Program Files\MongoDB\Server\4.2\bin;C:\Users\Administrator\AppData\Local\Yarn\bin;C:\Users\Administrator\AppData\Local\GitHubDesktop\bin

Yarn version: 
  1.22.4

Node version: 
  9.11.1

Platform: 
  win32 x64

Trace: 
  Error: ENOTDIR: not a directory, scandir 'E:\shumeipai\new\touchscreen-for-nanodlp-master\node_modules'

npm manifest: 
  {
    "name": "screen",
    "version": "1.0.0",
    "description": "",
    "main": "index.js",
    "scripts": {
      "test": "DEBUG=nanodlp,nextion,serialport node bin/index.js",
      "start": "node bin/index.js"
    },
    "devDependencies": {
      "babel-core": "^6.26.0",
      "babel-plugin-array-includes": "^2.0.3",
      "babel-plugin-syntax-flow": "^6.18.0",
      "babel-plugin-transform-decorators-legacy": "^1.3.4",
      "babel-plugin-transform-flow-strip-types": "^6.22.0",
      "babel-preset-es2015": "^6.24.1",
      "babel-preset-es2016": "^6.24.1",
      "del": "^2.2.2",
      "gulp": "^3.9.1",
      "gulp-babel": "^6.1.3",
      "gulp-cli": "^2.0.1",
      "gulp-load-plugins": "^1.2.4",
      "gulp-plumber": "^1.1.0",
      "gulp-util": "^3.0.7"
    },
    "author": "",
    "license": "ISC",
    "dependencies": {
      "babel-polyfill": "^6.23.0",
      "babel-preset-es2017": "^6.24.1",
      "get-pixels": "^3.3.0",
      "imagemagick": "^0.1.3",
      "png-js": "^0.1.1",
      "pushbullet": "^2.0.0",
      "request-promise-native": "^1.0.4",
      "reqwest": "^2.0.5",
      "serialport": "^4.0.7",
      "sharp": "^0.18.1",
      "three": "^0.86.0",
      "xhr2": "^0.1.4",
      "ip": "^1.1.5",
      "drivelist": "^6.1.5",
      "child_process": "^1.0.2"
    }
  }

yarn manifest: 
  No manifest

Lockfile: 
  No lockfile
